2002.10.08 13:08 B c:\web--try it here version\graphs\allmeth2.gif --> trewtech.com /suicidemethods-net/graphs allmeth2.gif
2002.10.08 13:08 B c:\web--try it here version\graphs\allmetho.gif --> trewtech.com /suicidemethods-net/graphs allmetho.gif
2002.10.08 13:08 B c:\web--try it here version\graphs\asphyxia.gif --> trewtech.com /suicidemethods-net/graphs asphyxia.gif
2002.10.08 13:09 B c:\web--try it here version\graphs\asphyxia.jpg --> trewtech.com /suicidemethods-net/graphs asphyxia.jpg
2002.10.08 13:09 B c:\web--try it here version\graphs\cutagesx.gif --> trewtech.com /suicidemethods-net/graphs cutagesx.gif
2002.10.08 13:09 B c:\web--try it here version\graphs\cutbyage.gif --> trewtech.com /suicidemethods-net/graphs cutbyage.gif
2002.10.08 13:09 B c:\web--try it here version\graphs\cutsbyyr.gif --> trewtech.com /suicidemethods-net/graphs cutsbyyr.gif
2002.10.08 13:09 B c:\web--try it here version\graphs\drow7994.gif --> trewtech.com /suicidemethods-net/graphs drow7994.gif
2002.10.08 13:10 B c:\web--try it here version\graphs\drugs.gif --> trewtech.com /suicidemethods-net/graphs drugs.gif
2002.10.08 13:10 B c:\web--try it here version\graphs\gunsall.gif --> trewtech.com /suicidemethods-net/graphs gunsall.gif
2002.10.08 13:10 B c:\web--try it here version\graphs\guntype.gif --> trewtech.com /suicidemethods-net/graphs guntype.gif
2002.10.08 13:10 B c:\web--try it here version\graphs\hanging.gif --> trewtech.com /suicidemethods-net/graphs hanging.gif
2002.10.08 13:10 B c:\web--try it here version\graphs\homi-suicide.gif --> trewtech.com /suicidemethods-net/graphs homi-suicide.gif
2002.10.08 13:10 B c:\web--try it here version\graphs\homicide.gif --> trewtech.com /suicidemethods-net/graphs homicide.gif
2002.10.08 13:10 B c:\web--try it here version\graphs\jumping.gif --> trewtech.com /suicidemethods-net/graphs jumping.gif
2002.10.08 13:10 B c:\web--try it here version\graphs\listgraf.htm --> trewtech.com /suicidemethods-net/graphs listgraf.htm
2002.10.08 13:10 B c:\web--try it here version\graphs\vehicCO.gif --> trewtech.com /suicidemethods-net/graphs vehicCO.gif
2002.10.08 13:34 B c:\web--try it here version\graphs\listgraf.htm --> trewtech.com /suicidemethods-net listgraf.htm
2002.10.08 13:34 B c:\web--try it here version\graphs\listgraf.htm --> trewtech.com /suicidemethods-net/graphs listgraf.htm
2002.10.08 13:38 B c:\web--try it here version\graphs\listgraf.htm --> trewtech.com /suicidemethods-net/graphs listgraf.htm
2003.12.04 00:20 B C:\Documents and Settings\zzz\web--try it here version\graphs\allmeth2.gif --> trewtech.com /suicidemethods.net/graphs allmeth2.gif
2003.12.04 00:20 B C:\Documents and Settings\zzz\web--try it here version\graphs\allmetho.gif --> trewtech.com /suicidemethods.net/graphs allmetho.gif
2003.12.04 00:20 B C:\Documents and Settings\zzz\web--try it here version\graphs\asphyxia.gif --> trewtech.com /suicidemethods.net/graphs asphyxia.gif
2003.12.04 00:21 B C:\Documents and Settings\zzz\web--try it here version\graphs\asphyxia.jpg --> trewtech.com /suicidemethods.net/graphs asphyxia.jpg
2003.12.04 00:21 B C:\Documents and Settings\zzz\web--try it here version\graphs\cutagesx.gif --> trewtech.com /suicidemethods.net/graphs cutagesx.gif
2003.12.04 00:21 B C:\Documents and Settings\zzz\web--try it here version\graphs\cutbyage.gif --> trewtech.com /suicidemethods.net/graphs cutbyage.gif
2003.12.04 00:21 B C:\Documents and Settings\zzz\web--try it here version\graphs\cutsbyyr.gif --> trewtech.com /suicidemethods.net/graphs cutsbyyr.gif
2003.12.04 00:21 B C:\Documents and Settings\zzz\web--try it here version\graphs\drow7994.gif --> trewtech.com /suicidemethods.net/graphs drow7994.gif
2003.12.04 00:21 B C:\Documents and Settings\zzz\web--try it here version\graphs\drugs.gif --> trewtech.com /suicidemethods.net/graphs drugs.gif
2003.12.04 00:21 B C:\Documents and Settings\zzz\web--try it here version\graphs\gunsall.gif --> trewtech.com /suicidemethods.net/graphs gunsall.gif
2003.12.04 00:22 B C:\Documents and Settings\zzz\web--try it here version\graphs\guntype.gif --> trewtech.com /suicidemethods.net/graphs guntype.gif
2003.12.04 00:22 B C:\Documents and Settings\zzz\web--try it here version\graphs\hanging.gif --> trewtech.com /suicidemethods.net/graphs hanging.gif
2003.12.04 00:22 B C:\Documents and Settings\zzz\web--try it here version\graphs\homi-suicide.gif --> trewtech.com /suicidemethods.net/graphs homi-suicide.gif
2003.12.04 00:22 B C:\Documents and Settings\zzz\web--try it here version\graphs\homicide.gif --> trewtech.com /suicidemethods.net/graphs homicide.gif
2003.12.04 00:22 B C:\Documents and Settings\zzz\web--try it here version\graphs\jumping.gif --> trewtech.com /suicidemethods.net/graphs jumping.gif
2003.12.04 00:22 B C:\Documents and Settings\zzz\web--try it here version\graphs\listgraf.htm --> trewtech.com /suicidemethods.net/graphs listgraf.htm
2003.12.04 00:22 B C:\Documents and Settings\zzz\web--try it here version\graphs\vehicCO.gif --> trewtech.com /suicidemethods.net/graphs vehicCO.gif
2003.12.04 00:22 B C:\Documents and Settings\zzz\web--try it here version\graphs\WS_FTP.LOG --> trewtech.com /suicidemethods.net/graphs WS_FTP.LOG
2003.12.04 18:30 B C:\Documents and Settings\zzz\web--try it here version\graphs\allmeth2.gif --> trewtech.com /suicidemethods.net/html/graphs allmeth2.gif
2003.12.04 18:30 B C:\Documents and Settings\zzz\web--try it here version\graphs\allmetho.gif --> trewtech.com /suicidemethods.net/html/graphs allmetho.gif
2003.12.04 18:30 B C:\Documents and Settings\zzz\web--try it here version\graphs\asphyxia.gif --> trewtech.com /suicidemethods.net/html/graphs asphyxia.gif
2003.12.04 18:30 B C:\Documents and Settings\zzz\web--try it here version\graphs\asphyxia.jpg --> trewtech.com /suicidemethods.net/html/graphs asphyxia.jpg
2003.12.04 18:31 B C:\Documents and Settings\zzz\web--try it here version\graphs\cutagesx.gif --> trewtech.com /suicidemethods.net/html/graphs cutagesx.gif
2003.12.04 18:31 B C:\Documents and Settings\zzz\web--try it here version\graphs\cutbyage.gif --> trewtech.com /suicidemethods.net/html/graphs cutbyage.gif
2003.12.04 18:31 B C:\Documents and Settings\zzz\web--try it here version\graphs\cutsbyyr.gif --> trewtech.com /suicidemethods.net/html/graphs cutsbyyr.gif
2003.12.04 18:31 B C:\Documents and Settings\zzz\web--try it here version\graphs\drow7994.gif --> trewtech.com /suicidemethods.net/html/graphs drow7994.gif
2003.12.04 18:31 B C:\Documents and Settings\zzz\web--try it here version\graphs\drugs.gif --> trewtech.com /suicidemethods.net/html/graphs drugs.gif
2003.12.04 18:31 B C:\Documents and Settings\zzz\web--try it here version\graphs\gunsall.gif --> trewtech.com /suicidemethods.net/html/graphs gunsall.gif
2003.12.04 18:31 B C:\Documents and Settings\zzz\web--try it here version\graphs\guntype.gif --> trewtech.com /suicidemethods.net/html/graphs guntype.gif
2003.12.04 18:31 B C:\Documents and Settings\zzz\web--try it here version\graphs\hanging.gif --> trewtech.com /suicidemethods.net/html/graphs hanging.gif
2003.12.04 18:31 B C:\Documents and Settings\zzz\web--try it here version\graphs\homi-suicide.gif --> trewtech.com /suicidemethods.net/html/graphs homi-suicide.gif
2003.12.04 18:31 B C:\Documents and Settings\zzz\web--try it here version\graphs\homicide.gif --> trewtech.com /suicidemethods.net/html/graphs homicide.gif
2003.12.04 18:31 B C:\Documents and Settings\zzz\web--try it here version\graphs\jumping.gif --> trewtech.com /suicidemethods.net/html/graphs jumping.gif
2003.12.04 18:31 B C:\Documents and Settings\zzz\web--try it here version\graphs\listgraf.htm --> trewtech.com /suicidemethods.net/html/graphs listgraf.htm
2003.12.04 18:31 B C:\Documents and Settings\zzz\web--try it here version\graphs\vehicCO.gif --> trewtech.com /suicidemethods.net/html/graphs vehicCO.gif
2004.05.03 17:57 B C:\Documents and Settings\zzz\web--download from jamie website\graphs\WS_FTP.LOG <-- suicidemethods /suicidemethods.net/html/graphs WS_FTP.LOG
2004.05.04 23:24 B C:\Documents and Settings\zzz\web--download from jamie website\graphs\allmeth2.gif --> s93136826.onlinehome.us /graphs allmeth2.gif
2004.05.04 23:24 B C:\Documents and Settings\zzz\web--download from jamie website\graphs\allmetho.gif --> s93136826.onlinehome.us /graphs allmetho.gif
2004.05.04 23:24 B C:\Documents and Settings\zzz\web--download from jamie website\graphs\asphyxia.gif --> s93136826.onlinehome.us /graphs asphyxia.gif
2004.05.04 23:24 B C:\Documents and Settings\zzz\web--download from jamie website\graphs\asphyxia.jpg --> s93136826.onlinehome.us /graphs asphyxia.jpg
2004.05.04 23:24 B C:\Documents and Settings\zzz\web--download from jamie website\graphs\cutagesx.gif --> s93136826.onlinehome.us /graphs cutagesx.gif
2004.05.04 23:24 B C:\Documents and Settings\zzz\web--download from jamie website\graphs\cutbyage.gif --> s93136826.onlinehome.us /graphs cutbyage.gif
2004.05.04 23:24 B C:\Documents and Settings\zzz\web--download from jamie website\graphs\cutsbyyr.gif --> s93136826.onlinehome.us /graphs cutsbyyr.gif
2004.05.04 23:24 B C:\Documents and Settings\zzz\web--download from jamie website\graphs\drow7994.gif --> s93136826.onlinehome.us /graphs drow7994.gif
2004.05.04 23:24 B C:\Documents and Settings\zzz\web--download from jamie website\graphs\drugs.gif --> s93136826.onlinehome.us /graphs drugs.gif
2004.05.04 23:24 B C:\Documents and Settings\zzz\web--download from jamie website\graphs\gunsall.gif --> s93136826.onlinehome.us /graphs gunsall.gif
2004.05.04 23:24 B C:\Documents and Settings\zzz\web--download from jamie website\graphs\guntype.gif --> s93136826.onlinehome.us /graphs guntype.gif
2004.05.04 23:24 B C:\Documents and Settings\zzz\web--download from jamie website\graphs\hanging.gif --> s93136826.onlinehome.us /graphs hanging.gif
2004.05.04 23:24 B C:\Documents and Settings\zzz\web--download from jamie website\graphs\homi-suicide.gif --> s93136826.onlinehome.us /graphs homi-suicide.gif
2004.05.04 23:24 B C:\Documents and Settings\zzz\web--download from jamie website\graphs\homicide.gif --> s93136826.onlinehome.us /graphs homicide.gif
2004.05.04 23:24 B C:\Documents and Settings\zzz\web--download from jamie website\graphs\jumping.gif --> s93136826.onlinehome.us /graphs jumping.gif
2004.05.04 23:24 B C:\Documents and Settings\zzz\web--download from jamie website\graphs\listgraf.htm --> s93136826.onlinehome.us /graphs listgraf.htm
2004.05.04 23:24 B C:\Documents and Settings\zzz\web--download from jamie website\graphs\vehicCO.gif --> s93136826.onlinehome.us /graphs vehicCO.gif
