2002.10.08 14:43 B C:\web--try it here version\tables\all79-94.htm --> trewtech.com /suicidemethods-net/tables all79-94.htm
2002.10.08 14:43 B C:\web--try it here version\tables\allageyr.htm --> trewtech.com /suicidemethods-net/tables allageyr.htm
2002.10.08 14:44 B C:\web--try it here version\tables\allstats.htm --> trewtech.com /suicidemethods-net/tables allstats.htm
2002.10.08 14:44 B C:\web--try it here version\tables\allsxage.htm --> trewtech.com /suicidemethods-net/tables allsxage.htm
2002.10.08 14:44 B C:\web--try it here version\tables\asph7994.htm --> trewtech.com /suicidemethods-net/tables asph7994.htm
2002.10.08 14:44 B C:\web--try it here version\tables\asphyxlp.htm --> trewtech.com /suicidemethods-net/tables asphyxlp.htm
2002.10.08 14:44 B C:\web--try it here version\tables\asphyxpi.htm --> trewtech.com /suicidemethods-net/tables asphyxpi.htm
2002.10.08 14:44 B C:\web--try it here version\tables\bag-sui.htm --> trewtech.com /suicidemethods-net/tables bag-sui.htm
2002.10.08 14:44 B C:\web--try it here version\tables\CO-car.htm --> trewtech.com /suicidemethods-net/tables CO-car.htm
2002.10.08 14:44 B C:\web--try it here version\tables\CO-nocar.htm --> trewtech.com /suicidemethods-net/tables CO-nocar.htm
2002.10.08 14:44 B C:\web--try it here version\tables\CO-sympt.htm --> trewtech.com /suicidemethods-net/tables CO-sympt.htm
2002.10.08 14:44 B C:\web--try it here version\tables\cuts7994.htm --> trewtech.com /suicidemethods-net/tables cuts7994.htm
2002.10.08 14:44 B C:\web--try it here version\tables\drguncon.htm --> trewtech.com /suicidemethods-net/tables drguncon.htm
2002.10.08 14:44 B C:\web--try it here version\tables\drown-yr.htm --> trewtech.com /suicidemethods-net/tables drown-yr.htm
2002.10.08 14:44 B C:\web--try it here version\tables\drugs7994.htm --> trewtech.com /suicidemethods-net/tables drugs7994.htm
2002.10.08 14:44 B C:\web--try it here version\tables\drwn-acc.htm --> trewtech.com /suicidemethods-net/tables drwn-acc.htm
2002.10.08 14:44 B C:\web--try it here version\tables\drwnyrsx.htm --> trewtech.com /suicidemethods-net/tables drwnyrsx.htm
2002.10.08 14:44 B C:\web--try it here version\tables\estimate.htm --> trewtech.com /suicidemethods-net/tables estimate.htm
2002.10.08 14:44 B C:\web--try it here version\tables\guns7994.htm --> trewtech.com /suicidemethods-net/tables guns7994.htm
2002.10.08 14:44 B C:\web--try it here version\tables\gunsites.htm --> trewtech.com /suicidemethods-net/tables gunsites.htm
2002.10.08 14:44 B C:\web--try it here version\tables\gunwound.htm --> trewtech.com /suicidemethods-net/tables gunwound.htm
2002.10.08 14:44 B C:\web--try it here version\tables\hang7994.htm --> trewtech.com /suicidemethods-net/tables hang7994.htm
2002.10.08 14:44 B C:\web--try it here version\tables\icd.htm --> trewtech.com /suicidemethods-net/tables icd.htm
2002.10.08 14:45 B C:\web--try it here version\tables\immgrant.htm --> trewtech.com /suicidemethods-net/tables immgrant.htm
2002.10.08 14:45 B C:\web--try it here version\tables\int70-88.htm --> trewtech.com /suicidemethods-net/tables int70-88.htm
2002.10.08 14:45 B C:\web--try it here version\tables\intagesx.htm --> trewtech.com /suicidemethods-net/tables intagesx.htm
2002.10.08 14:45 B C:\web--try it here version\tables\intyouth.htm --> trewtech.com /suicidemethods-net/tables intyouth.htm
2002.10.08 14:45 B C:\web--try it here version\tables\jump7994.htm --> trewtech.com /suicidemethods-net/tables jump7994.htm
2002.10.08 14:45 B C:\web--try it here version\tables\listtabl.htm --> trewtech.com /suicidemethods-net/tables listtabl.htm
2002.10.08 14:45 B C:\web--try it here version\tables\nontoxic.htm --> trewtech.com /suicidemethods-net/tables nontoxic.htm
2002.10.08 14:45 B C:\web--try it here version\tables\reasons.htm --> trewtech.com /suicidemethods-net/tables reasons.htm
2002.10.08 14:45 B C:\web--try it here version\tables\selected.htm --> trewtech.com /suicidemethods-net/tables selected.htm
2002.10.08 14:45 B C:\web--try it here version\tables\sui-homi.htm --> trewtech.com /suicidemethods-net/tables sui-homi.htm
2002.10.08 14:45 B C:\web--try it here version\tables\timeleft.htm --> trewtech.com /suicidemethods-net/tables timeleft.htm
2002.10.08 14:45 B C:\web--try it here version\tables\tox-ad.htm --> trewtech.com /suicidemethods-net/tables tox-ad.htm
2002.10.08 14:45 B C:\web--try it here version\tables\toxindex.htm --> trewtech.com /suicidemethods-net/tables toxindex.htm
2003.12.04 01:15 B C:\Documents and Settings\zzz\web--try it here version\tables\all79-94.htm --> trewtech.com /suicidemethods.net/tables all79-94.htm
2003.12.04 01:15 B C:\Documents and Settings\zzz\web--try it here version\tables\allageyr.htm --> trewtech.com /suicidemethods.net/tables allageyr.htm
2003.12.04 01:16 B C:\Documents and Settings\zzz\web--try it here version\tables\allstats.htm --> trewtech.com /suicidemethods.net/tables allstats.htm
2003.12.04 01:16 B C:\Documents and Settings\zzz\web--try it here version\tables\allsxage.htm --> trewtech.com /suicidemethods.net/tables allsxage.htm
2003.12.04 01:16 B C:\Documents and Settings\zzz\web--try it here version\tables\asph7994.htm --> trewtech.com /suicidemethods.net/tables asph7994.htm
2003.12.04 01:16 B C:\Documents and Settings\zzz\web--try it here version\tables\asphyxlp.htm --> trewtech.com /suicidemethods.net/tables asphyxlp.htm
2003.12.04 01:16 B C:\Documents and Settings\zzz\web--try it here version\tables\asphyxpi.htm --> trewtech.com /suicidemethods.net/tables asphyxpi.htm
2003.12.04 01:16 B C:\Documents and Settings\zzz\web--try it here version\tables\bag-sui.htm --> trewtech.com /suicidemethods.net/tables bag-sui.htm
2003.12.04 01:16 B C:\Documents and Settings\zzz\web--try it here version\tables\CO-car.htm --> trewtech.com /suicidemethods.net/tables CO-car.htm
2003.12.04 01:16 B C:\Documents and Settings\zzz\web--try it here version\tables\CO-nocar.htm --> trewtech.com /suicidemethods.net/tables CO-nocar.htm
2003.12.04 01:16 B C:\Documents and Settings\zzz\web--try it here version\tables\CO-sympt.htm --> trewtech.com /suicidemethods.net/tables CO-sympt.htm
2003.12.04 01:16 B C:\Documents and Settings\zzz\web--try it here version\tables\cuts7994.htm --> trewtech.com /suicidemethods.net/tables cuts7994.htm
2003.12.04 01:16 B C:\Documents and Settings\zzz\web--try it here version\tables\drguncon.htm --> trewtech.com /suicidemethods.net/tables drguncon.htm
2003.12.04 01:17 B C:\Documents and Settings\zzz\web--try it here version\tables\drown-yr.htm --> trewtech.com /suicidemethods.net/tables drown-yr.htm
2003.12.04 01:17 B C:\Documents and Settings\zzz\web--try it here version\tables\drugs7994.htm --> trewtech.com /suicidemethods.net/tables drugs7994.htm
2003.12.04 01:17 B C:\Documents and Settings\zzz\web--try it here version\tables\drwn-acc.htm --> trewtech.com /suicidemethods.net/tables drwn-acc.htm
2003.12.04 01:17 B C:\Documents and Settings\zzz\web--try it here version\tables\drwnyrsx.htm --> trewtech.com /suicidemethods.net/tables drwnyrsx.htm
2003.12.04 01:17 B C:\Documents and Settings\zzz\web--try it here version\tables\estimate.htm --> trewtech.com /suicidemethods.net/tables estimate.htm
2003.12.04 01:17 B C:\Documents and Settings\zzz\web--try it here version\tables\guns7994.htm --> trewtech.com /suicidemethods.net/tables guns7994.htm
2003.12.04 01:17 B C:\Documents and Settings\zzz\web--try it here version\tables\gunsites.htm --> trewtech.com /suicidemethods.net/tables gunsites.htm
2003.12.04 01:17 B C:\Documents and Settings\zzz\web--try it here version\tables\gunwound.htm --> trewtech.com /suicidemethods.net/tables gunwound.htm
2003.12.04 01:17 B C:\Documents and Settings\zzz\web--try it here version\tables\hang7994.htm --> trewtech.com /suicidemethods.net/tables hang7994.htm
2003.12.04 01:18 B C:\Documents and Settings\zzz\web--try it here version\tables\icd.htm --> trewtech.com /suicidemethods.net/tables icd.htm
2003.12.04 01:18 B C:\Documents and Settings\zzz\web--try it here version\tables\immgrant.htm --> trewtech.com /suicidemethods.net/tables immgrant.htm
2003.12.04 01:19 B C:\Documents and Settings\zzz\web--try it here version\tables\int70-88.htm --> trewtech.com /suicidemethods.net/tables int70-88.htm
2003.12.04 01:19 B C:\Documents and Settings\zzz\web--try it here version\tables\intagesx.htm --> trewtech.com /suicidemethods.net/tables intagesx.htm
2003.12.04 01:19 B C:\Documents and Settings\zzz\web--try it here version\tables\intyouth.htm --> trewtech.com /suicidemethods.net/tables intyouth.htm
2003.12.04 01:19 B C:\Documents and Settings\zzz\web--try it here version\tables\jump7994.htm --> trewtech.com /suicidemethods.net/tables jump7994.htm
2003.12.04 01:19 B C:\Documents and Settings\zzz\web--try it here version\tables\listtabl.htm --> trewtech.com /suicidemethods.net/tables listtabl.htm
2003.12.04 01:19 B C:\Documents and Settings\zzz\web--try it here version\tables\nontoxic.htm --> trewtech.com /suicidemethods.net/tables nontoxic.htm
2003.12.04 01:19 B C:\Documents and Settings\zzz\web--try it here version\tables\reasons.htm --> trewtech.com /suicidemethods.net/tables reasons.htm
2003.12.04 01:19 B C:\Documents and Settings\zzz\web--try it here version\tables\selected.htm --> trewtech.com /suicidemethods.net/tables selected.htm
2003.12.04 01:20 B C:\Documents and Settings\zzz\web--try it here version\tables\sui-homi.htm --> trewtech.com /suicidemethods.net/tables sui-homi.htm
2003.12.04 01:20 B C:\Documents and Settings\zzz\web--try it here version\tables\timeleft.htm --> trewtech.com /suicidemethods.net/tables timeleft.htm
2003.12.04 01:20 B C:\Documents and Settings\zzz\web--try it here version\tables\tox-ad.htm --> trewtech.com /suicidemethods.net/tables tox-ad.htm
2003.12.04 01:20 B C:\Documents and Settings\zzz\web--try it here version\tables\toxindex.htm --> trewtech.com /suicidemethods.net/tables toxindex.htm
2003.12.04 01:20 B C:\Documents and Settings\zzz\web--try it here version\tables\WS_FTP.LOG --> trewtech.com /suicidemethods.net/tables WS_FTP.LOG
2003.12.04 22:47 B C:\Documents and Settings\zzz\web--try it here version\tables\all79-94.htm --> trewtech.com /suicidemethods.net/html/tables all79-94.htm
2003.12.04 22:47 B C:\Documents and Settings\zzz\web--try it here version\tables\allageyr.htm --> trewtech.com /suicidemethods.net/html/tables allageyr.htm
2003.12.04 22:48 B C:\Documents and Settings\zzz\web--try it here version\tables\allstats.htm --> trewtech.com /suicidemethods.net/html/tables allstats.htm
2003.12.04 22:48 B C:\Documents and Settings\zzz\web--try it here version\tables\allsxage.htm --> trewtech.com /suicidemethods.net/html/tables allsxage.htm
2003.12.04 22:48 B C:\Documents and Settings\zzz\web--try it here version\tables\asph7994.htm --> trewtech.com /suicidemethods.net/html/tables asph7994.htm
2003.12.04 22:48 B C:\Documents and Settings\zzz\web--try it here version\tables\asphyxlp.htm --> trewtech.com /suicidemethods.net/html/tables asphyxlp.htm
2003.12.04 22:48 B C:\Documents and Settings\zzz\web--try it here version\tables\asphyxpi.htm --> trewtech.com /suicidemethods.net/html/tables asphyxpi.htm
2003.12.04 22:48 B C:\Documents and Settings\zzz\web--try it here version\tables\bag-sui.htm --> trewtech.com /suicidemethods.net/html/tables bag-sui.htm
2003.12.04 22:48 B C:\Documents and Settings\zzz\web--try it here version\tables\CO-car.htm --> trewtech.com /suicidemethods.net/html/tables CO-car.htm
2003.12.04 22:48 B C:\Documents and Settings\zzz\web--try it here version\tables\CO-nocar.htm --> trewtech.com /suicidemethods.net/html/tables CO-nocar.htm
2003.12.04 22:48 B C:\Documents and Settings\zzz\web--try it here version\tables\CO-sympt.htm --> trewtech.com /suicidemethods.net/html/tables CO-sympt.htm
2003.12.04 22:48 B C:\Documents and Settings\zzz\web--try it here version\tables\cuts7994.htm --> trewtech.com /suicidemethods.net/html/tables cuts7994.htm
2003.12.04 22:48 B C:\Documents and Settings\zzz\web--try it here version\tables\drguncon.htm --> trewtech.com /suicidemethods.net/html/tables drguncon.htm
2003.12.04 22:49 B C:\Documents and Settings\zzz\web--try it here version\tables\drown-yr.htm --> trewtech.com /suicidemethods.net/html/tables drown-yr.htm
2003.12.04 22:49 B C:\Documents and Settings\zzz\web--try it here version\tables\drugs7994.htm --> trewtech.com /suicidemethods.net/html/tables drugs7994.htm
2003.12.04 22:49 B C:\Documents and Settings\zzz\web--try it here version\tables\drwn-acc.htm --> trewtech.com /suicidemethods.net/html/tables drwn-acc.htm
2003.12.04 22:49 B C:\Documents and Settings\zzz\web--try it here version\tables\drwnyrsx.htm --> trewtech.com /suicidemethods.net/html/tables drwnyrsx.htm
2003.12.04 22:49 B C:\Documents and Settings\zzz\web--try it here version\tables\estimate.htm --> trewtech.com /suicidemethods.net/html/tables estimate.htm
2003.12.04 22:49 B C:\Documents and Settings\zzz\web--try it here version\tables\guns7994.htm --> trewtech.com /suicidemethods.net/html/tables guns7994.htm
2003.12.04 22:49 B C:\Documents and Settings\zzz\web--try it here version\tables\gunsites.htm --> trewtech.com /suicidemethods.net/html/tables gunsites.htm
2003.12.04 22:49 B C:\Documents and Settings\zzz\web--try it here version\tables\gunwound.htm --> trewtech.com /suicidemethods.net/html/tables gunwound.htm
2003.12.04 22:49 B C:\Documents and Settings\zzz\web--try it here version\tables\hang7994.htm --> trewtech.com /suicidemethods.net/html/tables hang7994.htm
2003.12.04 22:49 B C:\Documents and Settings\zzz\web--try it here version\tables\icd.htm --> trewtech.com /suicidemethods.net/html/tables icd.htm
2003.12.04 22:50 B C:\Documents and Settings\zzz\web--try it here version\tables\immgrant.htm --> trewtech.com /suicidemethods.net/html/tables immgrant.htm
2003.12.04 22:51 B C:\Documents and Settings\zzz\web--try it here version\tables\int70-88.htm --> trewtech.com /suicidemethods.net/html/tables int70-88.htm
2003.12.04 22:51 B C:\Documents and Settings\zzz\web--try it here version\tables\intagesx.htm --> trewtech.com /suicidemethods.net/html/tables intagesx.htm
2003.12.04 22:51 B C:\Documents and Settings\zzz\web--try it here version\tables\intyouth.htm --> trewtech.com /suicidemethods.net/html/tables intyouth.htm
2003.12.04 22:51 B C:\Documents and Settings\zzz\web--try it here version\tables\jump7994.htm --> trewtech.com /suicidemethods.net/html/tables jump7994.htm
2003.12.04 22:51 B C:\Documents and Settings\zzz\web--try it here version\tables\listtabl.htm --> trewtech.com /suicidemethods.net/html/tables listtabl.htm
2003.12.04 22:51 B C:\Documents and Settings\zzz\web--try it here version\tables\nontoxic.htm --> trewtech.com /suicidemethods.net/html/tables nontoxic.htm
2003.12.04 22:51 B C:\Documents and Settings\zzz\web--try it here version\tables\reasons.htm --> trewtech.com /suicidemethods.net/html/tables reasons.htm
2003.12.04 22:51 B C:\Documents and Settings\zzz\web--try it here version\tables\selected.htm --> trewtech.com /suicidemethods.net/html/tables selected.htm
2003.12.04 22:52 B C:\Documents and Settings\zzz\web--try it here version\tables\sui-homi.htm --> trewtech.com /suicidemethods.net/html/tables sui-homi.htm
2003.12.04 22:52 B C:\Documents and Settings\zzz\web--try it here version\tables\timeleft.htm --> trewtech.com /suicidemethods.net/html/tables timeleft.htm
2003.12.04 22:52 B C:\Documents and Settings\zzz\web--try it here version\tables\tox-ad.htm --> trewtech.com /suicidemethods.net/html/tables tox-ad.htm
2003.12.04 22:52 B C:\Documents and Settings\zzz\web--try it here version\tables\toxindex.htm --> trewtech.com /suicidemethods.net/html/tables toxindex.htm
2004.05.03 17:55 B C:\Documents and Settings\zzz\web--download from jamie website\tables\WS_FTP.LOG <-- suicidemethods /suicidemethods.net/html/tables WS_FTP.LOG
2004.05.04 23:44 B C:\Documents and Settings\zzz\web--download from jamie website\tables\all79-94.htm --> s93136826.onlinehome.us /tables all79-94.htm
2004.05.04 23:45 B C:\Documents and Settings\zzz\web--download from jamie website\tables\allageyr.htm --> s93136826.onlinehome.us /tables allageyr.htm
2004.05.04 23:45 B C:\Documents and Settings\zzz\web--download from jamie website\tables\allstats.htm --> s93136826.onlinehome.us /tables allstats.htm
2004.05.04 23:45 B C:\Documents and Settings\zzz\web--download from jamie website\tables\allsxage.htm --> s93136826.onlinehome.us /tables allsxage.htm
2004.05.04 23:45 B C:\Documents and Settings\zzz\web--download from jamie website\tables\asph7994.htm --> s93136826.onlinehome.us /tables asph7994.htm
2004.05.04 23:45 B C:\Documents and Settings\zzz\web--download from jamie website\tables\asphyxlp.htm --> s93136826.onlinehome.us /tables asphyxlp.htm
2004.05.04 23:45 B C:\Documents and Settings\zzz\web--download from jamie website\tables\asphyxpi.htm --> s93136826.onlinehome.us /tables asphyxpi.htm
2004.05.04 23:45 B C:\Documents and Settings\zzz\web--download from jamie website\tables\bag-sui.htm --> s93136826.onlinehome.us /tables bag-sui.htm
2004.05.04 23:45 B C:\Documents and Settings\zzz\web--download from jamie website\tables\CO-car.htm --> s93136826.onlinehome.us /tables CO-car.htm
2004.05.04 23:45 B C:\Documents and Settings\zzz\web--download from jamie website\tables\CO-nocar.htm --> s93136826.onlinehome.us /tables CO-nocar.htm
2004.05.04 23:45 B C:\Documents and Settings\zzz\web--download from jamie website\tables\CO-sympt.htm --> s93136826.onlinehome.us /tables CO-sympt.htm
2004.05.04 23:45 B C:\Documents and Settings\zzz\web--download from jamie website\tables\cuts7994.htm --> s93136826.onlinehome.us /tables cuts7994.htm
2004.05.04 23:45 B C:\Documents and Settings\zzz\web--download from jamie website\tables\drguncon.htm --> s93136826.onlinehome.us /tables drguncon.htm
2004.05.04 23:45 B C:\Documents and Settings\zzz\web--download from jamie website\tables\drown-yr.htm --> s93136826.onlinehome.us /tables drown-yr.htm
2004.05.04 23:45 B C:\Documents and Settings\zzz\web--download from jamie website\tables\drugs7994.htm --> s93136826.onlinehome.us /tables drugs7994.htm
2004.05.04 23:45 B C:\Documents and Settings\zzz\web--download from jamie website\tables\drwn-acc.htm --> s93136826.onlinehome.us /tables drwn-acc.htm
2004.05.04 23:45 B C:\Documents and Settings\zzz\web--download from jamie website\tables\drwnyrsx.htm --> s93136826.onlinehome.us /tables drwnyrsx.htm
2004.05.04 23:45 B C:\Documents and Settings\zzz\web--download from jamie website\tables\estimate.htm --> s93136826.onlinehome.us /tables estimate.htm
2004.05.04 23:45 B C:\Documents and Settings\zzz\web--download from jamie website\tables\guns7994.htm --> s93136826.onlinehome.us /tables guns7994.htm
2004.05.04 23:45 B C:\Documents and Settings\zzz\web--download from jamie website\tables\gunsites.htm --> s93136826.onlinehome.us /tables gunsites.htm
2004.05.04 23:45 B C:\Documents and Settings\zzz\web--download from jamie website\tables\gunwound.htm --> s93136826.onlinehome.us /tables gunwound.htm
2004.05.04 23:45 B C:\Documents and Settings\zzz\web--download from jamie website\tables\hang7994.htm --> s93136826.onlinehome.us /tables hang7994.htm
2004.05.04 23:45 B C:\Documents and Settings\zzz\web--download from jamie website\tables\icd.htm --> s93136826.onlinehome.us /tables icd.htm
2004.05.04 23:45 B C:\Documents and Settings\zzz\web--download from jamie website\tables\immgrant.htm --> s93136826.onlinehome.us /tables immgrant.htm
2004.05.04 23:46 B C:\Documents and Settings\zzz\web--download from jamie website\tables\int70-88.htm --> s93136826.onlinehome.us /tables int70-88.htm
2004.05.04 23:46 B C:\Documents and Settings\zzz\web--download from jamie website\tables\intagesx.htm --> s93136826.onlinehome.us /tables intagesx.htm
2004.05.04 23:46 B C:\Documents and Settings\zzz\web--download from jamie website\tables\intyouth.htm --> s93136826.onlinehome.us /tables intyouth.htm
2004.05.04 23:46 B C:\Documents and Settings\zzz\web--download from jamie website\tables\jump7994.htm --> s93136826.onlinehome.us /tables jump7994.htm
2004.05.04 23:46 B C:\Documents and Settings\zzz\web--download from jamie website\tables\listtabl.htm --> s93136826.onlinehome.us /tables listtabl.htm
2004.05.04 23:46 B C:\Documents and Settings\zzz\web--download from jamie website\tables\nontoxic.htm --> s93136826.onlinehome.us /tables nontoxic.htm
2004.05.04 23:46 B C:\Documents and Settings\zzz\web--download from jamie website\tables\reasons.htm --> s93136826.onlinehome.us /tables reasons.htm
2004.05.04 23:46 B C:\Documents and Settings\zzz\web--download from jamie website\tables\selected.htm --> s93136826.onlinehome.us /tables selected.htm
2004.05.04 23:46 B C:\Documents and Settings\zzz\web--download from jamie website\tables\sui-homi.htm --> s93136826.onlinehome.us /tables sui-homi.htm
2004.05.04 23:46 B C:\Documents and Settings\zzz\web--download from jamie website\tables\timeleft.htm --> s93136826.onlinehome.us /tables timeleft.htm
2004.05.04 23:46 B C:\Documents and Settings\zzz\web--download from jamie website\tables\tox-ad.htm --> s93136826.onlinehome.us /tables tox-ad.htm
2004.05.04 23:46 B C:\Documents and Settings\zzz\web--download from jamie website\tables\toxindex.htm --> s93136826.onlinehome.us /tables toxindex.htm
