2004.05.03 17:48 B C:\Documents and Settings\zzz\web--download from jamie website\pix\old\asphyx1.jpg <-- suicidemethods /suicidemethods.net/html/pix/old asphyx1.jpg
2004.05.03 17:48 B C:\Documents and Settings\zzz\web--download from jamie website\pix\old\asphyx2.jpg <-- suicidemethods /suicidemethods.net/html/pix/old asphyx2.jpg
2004.05.03 17:48 B C:\Documents and Settings\zzz\web--download from jamie website\pix\old\asphyx2.pcx <-- suicidemethods /suicidemethods.net/html/pix/old asphyx2.pcx
2004.05.03 17:48 B C:\Documents and Settings\zzz\web--download from jamie website\pix\old\asphyx4.jpg <-- suicidemethods /suicidemethods.net/html/pix/old asphyx4.jpg
2004.05.03 17:48 B C:\Documents and Settings\zzz\web--download from jamie website\pix\old\asphyx4.pcx <-- suicidemethods /suicidemethods.net/html/pix/old asphyx4.pcx
2004.05.03 17:48 B C:\Documents and Settings\zzz\web--download from jamie website\pix\old\cuts1.jpg <-- suicidemethods /suicidemethods.net/html/pix/old cuts1.jpg
2004.05.03 17:48 B C:\Documents and Settings\zzz\web--download from jamie website\pix\old\cuts1.pcx <-- suicidemethods /suicidemethods.net/html/pix/old cuts1.pcx
2004.05.03 17:48 B C:\Documents and Settings\zzz\web--download from jamie website\pix\old\cuts2.jpg <-- suicidemethods /suicidemethods.net/html/pix/old cuts2.jpg
2004.05.03 17:48 B C:\Documents and Settings\zzz\web--download from jamie website\pix\old\cuts2.pcx <-- suicidemethods /suicidemethods.net/html/pix/old cuts2.pcx
2004.05.03 17:48 B C:\Documents and Settings\zzz\web--download from jamie website\pix\old\cuts3.jpg <-- suicidemethods /suicidemethods.net/html/pix/old cuts3.jpg
2004.05.03 17:48 B C:\Documents and Settings\zzz\web--download from jamie website\pix\old\cuts3.pcx <-- suicidemethods /suicidemethods.net/html/pix/old cuts3.pcx
2004.05.03 17:48 B C:\Documents and Settings\zzz\web--download from jamie website\pix\old\cuts4.jpg <-- suicidemethods /suicidemethods.net/html/pix/old cuts4.jpg
2004.05.03 17:48 B C:\Documents and Settings\zzz\web--download from jamie website\pix\old\cuts4.pcx <-- suicidemethods /suicidemethods.net/html/pix/old cuts4.pcx
2004.05.03 17:48 B C:\Documents and Settings\zzz\web--download from jamie website\pix\old\cuts5.jpg <-- suicidemethods /suicidemethods.net/html/pix/old cuts5.jpg
2004.05.03 17:48 B C:\Documents and Settings\zzz\web--download from jamie website\pix\old\cuts5.pcx <-- suicidemethods /suicidemethods.net/html/pix/old cuts5.pcx
2004.05.03 17:48 B C:\Documents and Settings\zzz\web--download from jamie website\pix\old\cuts7.jpg <-- suicidemethods /suicidemethods.net/html/pix/old cuts7.jpg
2004.05.03 17:49 B C:\Documents and Settings\zzz\web--download from jamie website\pix\old\cuts7.pcx <-- suicidemethods /suicidemethods.net/html/pix/old cuts7.pcx
2004.05.03 17:49 B C:\Documents and Settings\zzz\web--download from jamie website\pix\old\cuts8.jpg <-- suicidemethods /suicidemethods.net/html/pix/old cuts8.jpg
2004.05.03 17:49 B C:\Documents and Settings\zzz\web--download from jamie website\pix\old\cuts8.pcx <-- suicidemethods /suicidemethods.net/html/pix/old cuts8.pcx
2004.05.03 17:49 B C:\Documents and Settings\zzz\web--download from jamie website\pix\old\drown1.pcx <-- suicidemethods /suicidemethods.net/html/pix/old drown1.pcx
2004.05.03 17:49 B C:\Documents and Settings\zzz\web--download from jamie website\pix\old\drug1.jpg <-- suicidemethods /suicidemethods.net/html/pix/old drug1.jpg
2004.05.03 17:49 B C:\Documents and Settings\zzz\web--download from jamie website\pix\old\elec1.jpg <-- suicidemethods /suicidemethods.net/html/pix/old elec1.jpg
2004.05.03 17:49 B C:\Documents and Settings\zzz\web--download from jamie website\pix\old\elec1.pcx <-- suicidemethods /suicidemethods.net/html/pix/old elec1.pcx
2004.05.03 17:49 B C:\Documents and Settings\zzz\web--download from jamie website\pix\old\elec2.jpg <-- suicidemethods /suicidemethods.net/html/pix/old elec2.jpg
2004.05.03 17:49 B C:\Documents and Settings\zzz\web--download from jamie website\pix\old\elec2.pcx <-- suicidemethods /suicidemethods.net/html/pix/old elec2.pcx
2004.05.03 17:49 B C:\Documents and Settings\zzz\web--download from jamie website\pix\old\elec3.jpg <-- suicidemethods /suicidemethods.net/html/pix/old elec3.jpg
2004.05.03 17:49 B C:\Documents and Settings\zzz\web--download from jamie website\pix\old\elec3.pcx <-- suicidemethods /suicidemethods.net/html/pix/old elec3.pcx
2004.05.03 17:49 B C:\Documents and Settings\zzz\web--download from jamie website\pix\old\elec4.jpg <-- suicidemethods /suicidemethods.net/html/pix/old elec4.jpg
2004.05.03 17:49 B C:\Documents and Settings\zzz\web--download from jamie website\pix\old\elec4.pcx <-- suicidemethods /suicidemethods.net/html/pix/old elec4.pcx
2004.05.03 17:49 B C:\Documents and Settings\zzz\web--download from jamie website\pix\old\elec6a.pcx <-- suicidemethods /suicidemethods.net/html/pix/old elec6a.pcx
2004.05.03 17:49 B C:\Documents and Settings\zzz\web--download from jamie website\pix\old\elec6b.jpg <-- suicidemethods /suicidemethods.net/html/pix/old elec6b.jpg
2004.05.03 17:49 B C:\Documents and Settings\zzz\web--download from jamie website\pix\old\elec6b.pcx <-- suicidemethods /suicidemethods.net/html/pix/old elec6b.pcx
2004.05.03 17:49 B C:\Documents and Settings\zzz\web--download from jamie website\pix\old\gun1.jpg <-- suicidemethods /suicidemethods.net/html/pix/old gun1.jpg
2004.05.03 17:49 B C:\Documents and Settings\zzz\web--download from jamie website\pix\old\gun1.pcx <-- suicidemethods /suicidemethods.net/html/pix/old gun1.pcx
2004.05.03 17:49 B C:\Documents and Settings\zzz\web--download from jamie website\pix\old\gun2.jpg <-- suicidemethods /suicidemethods.net/html/pix/old gun2.jpg
2004.05.03 17:49 B C:\Documents and Settings\zzz\web--download from jamie website\pix\old\gun2.pcx <-- suicidemethods /suicidemethods.net/html/pix/old gun2.pcx
2004.05.03 17:49 B C:\Documents and Settings\zzz\web--download from jamie website\pix\old\gun3.jpg <-- suicidemethods /suicidemethods.net/html/pix/old gun3.jpg
2004.05.03 17:49 B C:\Documents and Settings\zzz\web--download from jamie website\pix\old\gun3.pcx <-- suicidemethods /suicidemethods.net/html/pix/old gun3.pcx
2004.05.03 17:49 B C:\Documents and Settings\zzz\web--download from jamie website\pix\old\gun4.jpg <-- suicidemethods /suicidemethods.net/html/pix/old gun4.jpg
2004.05.03 17:49 B C:\Documents and Settings\zzz\web--download from jamie website\pix\old\gun4.pcx <-- suicidemethods /suicidemethods.net/html/pix/old gun4.pcx
2004.05.03 17:50 B C:\Documents and Settings\zzz\web--download from jamie website\pix\old\gun5.jpg <-- suicidemethods /suicidemethods.net/html/pix/old gun5.jpg
2004.05.03 17:50 B C:\Documents and Settings\zzz\web--download from jamie website\pix\old\gun5.pcx <-- suicidemethods /suicidemethods.net/html/pix/old gun5.pcx
2004.05.03 17:50 B C:\Documents and Settings\zzz\web--download from jamie website\pix\old\gun6.jpg <-- suicidemethods /suicidemethods.net/html/pix/old gun6.jpg
2004.05.03 17:50 B C:\Documents and Settings\zzz\web--download from jamie website\pix\old\gun6.pcx <-- suicidemethods /suicidemethods.net/html/pix/old gun6.pcx
2004.05.03 17:50 B C:\Documents and Settings\zzz\web--download from jamie website\pix\old\hang005.jpg <-- suicidemethods /suicidemethods.net/html/pix/old hang005.jpg
2004.05.03 17:50 B C:\Documents and Settings\zzz\web--download from jamie website\pix\old\hang1.pcx <-- suicidemethods /suicidemethods.net/html/pix/old hang1.pcx
2004.05.03 17:50 B C:\Documents and Settings\zzz\web--download from jamie website\pix\old\hang2.jpg <-- suicidemethods /suicidemethods.net/html/pix/old hang2.jpg
2004.05.03 17:50 B C:\Documents and Settings\zzz\web--download from jamie website\pix\old\hang2.pcx <-- suicidemethods /suicidemethods.net/html/pix/old hang2.pcx
2004.05.03 17:50 B C:\Documents and Settings\zzz\web--download from jamie website\pix\old\hang3.jpg <-- suicidemethods /suicidemethods.net/html/pix/old hang3.jpg
2004.05.03 17:50 B C:\Documents and Settings\zzz\web--download from jamie website\pix\old\hang3.pcx <-- suicidemethods /suicidemethods.net/html/pix/old hang3.pcx
2004.05.03 17:50 B C:\Documents and Settings\zzz\web--download from jamie website\pix\old\hang4.jpg <-- suicidemethods /suicidemethods.net/html/pix/old hang4.jpg
2004.05.03 17:50 B C:\Documents and Settings\zzz\web--download from jamie website\pix\old\hang4.pcx <-- suicidemethods /suicidemethods.net/html/pix/old hang4.pcx
2004.05.03 17:50 B C:\Documents and Settings\zzz\web--download from jamie website\pix\old\hang5.jpg <-- suicidemethods /suicidemethods.net/html/pix/old hang5.jpg
2004.05.03 17:50 B C:\Documents and Settings\zzz\web--download from jamie website\pix\old\hang5.pcx <-- suicidemethods /suicidemethods.net/html/pix/old hang5.pcx
2004.05.03 17:50 B C:\Documents and Settings\zzz\web--download from jamie website\pix\old\hang6.jpg <-- suicidemethods /suicidemethods.net/html/pix/old hang6.jpg
2004.05.03 17:51 B C:\Documents and Settings\zzz\web--download from jamie website\pix\old\hang6.pcx <-- suicidemethods /suicidemethods.net/html/pix/old hang6.pcx
2004.05.03 17:51 B C:\Documents and Settings\zzz\web--download from jamie website\pix\old\hang7.jpg <-- suicidemethods /suicidemethods.net/html/pix/old hang7.jpg
2004.05.03 17:51 B C:\Documents and Settings\zzz\web--download from jamie website\pix\old\hang7.pcx <-- suicidemethods /suicidemethods.net/html/pix/old hang7.pcx
2004.05.03 17:51 B C:\Documents and Settings\zzz\web--download from jamie website\pix\old\hang7.png <-- suicidemethods /suicidemethods.net/html/pix/old hang7.png
2004.05.03 17:51 B C:\Documents and Settings\zzz\web--download from jamie website\pix\old\hang8.jpg <-- suicidemethods /suicidemethods.net/html/pix/old hang8.jpg
2004.05.03 17:51 B C:\Documents and Settings\zzz\web--download from jamie website\pix\old\hang8.pcx <-- suicidemethods /suicidemethods.net/html/pix/old hang8.pcx
2004.05.03 17:51 B C:\Documents and Settings\zzz\web--download from jamie website\pix\old\jumpbost.pcx <-- suicidemethods /suicidemethods.net/html/pix/old jumpbost.pcx
2004.05.03 17:51 B C:\Documents and Settings\zzz\web--download from jamie website\pix\old\roadkill.gif <-- suicidemethods /suicidemethods.net/html/pix/old roadkill.gif
2004.05.04 23:25 B C:\Documents and Settings\zzz\web--download from jamie website\pix\old\asphyx1.jpg --> s93136826.onlinehome.us /pix/old asphyx1.jpg
2004.05.04 23:25 B C:\Documents and Settings\zzz\web--download from jamie website\pix\old\asphyx2.jpg --> s93136826.onlinehome.us /pix/old asphyx2.jpg
2004.05.04 23:25 B C:\Documents and Settings\zzz\web--download from jamie website\pix\old\asphyx2.pcx --> s93136826.onlinehome.us /pix/old asphyx2.pcx
2004.05.04 23:25 B C:\Documents and Settings\zzz\web--download from jamie website\pix\old\asphyx4.jpg --> s93136826.onlinehome.us /pix/old asphyx4.jpg
2004.05.04 23:25 B C:\Documents and Settings\zzz\web--download from jamie website\pix\old\asphyx4.pcx --> s93136826.onlinehome.us /pix/old asphyx4.pcx
2004.05.04 23:25 B C:\Documents and Settings\zzz\web--download from jamie website\pix\old\cuts1.jpg --> s93136826.onlinehome.us /pix/old cuts1.jpg
2004.05.04 23:25 B C:\Documents and Settings\zzz\web--download from jamie website\pix\old\cuts1.pcx --> s93136826.onlinehome.us /pix/old cuts1.pcx
2004.05.04 23:25 B C:\Documents and Settings\zzz\web--download from jamie website\pix\old\cuts2.jpg --> s93136826.onlinehome.us /pix/old cuts2.jpg
2004.05.04 23:25 B C:\Documents and Settings\zzz\web--download from jamie website\pix\old\cuts2.pcx --> s93136826.onlinehome.us /pix/old cuts2.pcx
2004.05.04 23:26 B C:\Documents and Settings\zzz\web--download from jamie website\pix\old\cuts3.jpg --> s93136826.onlinehome.us /pix/old cuts3.jpg
2004.05.04 23:26 B C:\Documents and Settings\zzz\web--download from jamie website\pix\old\cuts3.pcx --> s93136826.onlinehome.us /pix/old cuts3.pcx
2004.05.04 23:26 B C:\Documents and Settings\zzz\web--download from jamie website\pix\old\cuts4.jpg --> s93136826.onlinehome.us /pix/old cuts4.jpg
2004.05.04 23:26 B C:\Documents and Settings\zzz\web--download from jamie website\pix\old\cuts4.pcx --> s93136826.onlinehome.us /pix/old cuts4.pcx
2004.05.04 23:26 B C:\Documents and Settings\zzz\web--download from jamie website\pix\old\cuts5.jpg --> s93136826.onlinehome.us /pix/old cuts5.jpg
2004.05.04 23:26 B C:\Documents and Settings\zzz\web--download from jamie website\pix\old\cuts5.pcx --> s93136826.onlinehome.us /pix/old cuts5.pcx
2004.05.04 23:26 B C:\Documents and Settings\zzz\web--download from jamie website\pix\old\cuts7.jpg --> s93136826.onlinehome.us /pix/old cuts7.jpg
2004.05.04 23:26 B C:\Documents and Settings\zzz\web--download from jamie website\pix\old\cuts7.pcx --> s93136826.onlinehome.us /pix/old cuts7.pcx
2004.05.04 23:26 B C:\Documents and Settings\zzz\web--download from jamie website\pix\old\cuts8.jpg --> s93136826.onlinehome.us /pix/old cuts8.jpg
2004.05.04 23:26 B C:\Documents and Settings\zzz\web--download from jamie website\pix\old\cuts8.pcx --> s93136826.onlinehome.us /pix/old cuts8.pcx
2004.05.04 23:26 B C:\Documents and Settings\zzz\web--download from jamie website\pix\old\drown1.pcx --> s93136826.onlinehome.us /pix/old drown1.pcx
2004.05.04 23:26 B C:\Documents and Settings\zzz\web--download from jamie website\pix\old\drug1.jpg --> s93136826.onlinehome.us /pix/old drug1.jpg
2004.05.04 23:27 B C:\Documents and Settings\zzz\web--download from jamie website\pix\old\elec1.jpg --> s93136826.onlinehome.us /pix/old elec1.jpg
2004.05.04 23:27 B C:\Documents and Settings\zzz\web--download from jamie website\pix\old\elec1.pcx --> s93136826.onlinehome.us /pix/old elec1.pcx
2004.05.04 23:27 B C:\Documents and Settings\zzz\web--download from jamie website\pix\old\elec2.jpg --> s93136826.onlinehome.us /pix/old elec2.jpg
2004.05.04 23:27 B C:\Documents and Settings\zzz\web--download from jamie website\pix\old\elec2.pcx --> s93136826.onlinehome.us /pix/old elec2.pcx
2004.05.04 23:27 B C:\Documents and Settings\zzz\web--download from jamie website\pix\old\elec3.jpg --> s93136826.onlinehome.us /pix/old elec3.jpg
2004.05.04 23:27 B C:\Documents and Settings\zzz\web--download from jamie website\pix\old\elec3.pcx --> s93136826.onlinehome.us /pix/old elec3.pcx
2004.05.04 23:27 B C:\Documents and Settings\zzz\web--download from jamie website\pix\old\elec4.jpg --> s93136826.onlinehome.us /pix/old elec4.jpg
2004.05.04 23:27 B C:\Documents and Settings\zzz\web--download from jamie website\pix\old\elec4.pcx --> s93136826.onlinehome.us /pix/old elec4.pcx
2004.05.04 23:27 B C:\Documents and Settings\zzz\web--download from jamie website\pix\old\elec6a.pcx --> s93136826.onlinehome.us /pix/old elec6a.pcx
2004.05.04 23:27 B C:\Documents and Settings\zzz\web--download from jamie website\pix\old\elec6b.jpg --> s93136826.onlinehome.us /pix/old elec6b.jpg
2004.05.04 23:27 B C:\Documents and Settings\zzz\web--download from jamie website\pix\old\elec6b.pcx --> s93136826.onlinehome.us /pix/old elec6b.pcx
2004.05.04 23:27 B C:\Documents and Settings\zzz\web--download from jamie website\pix\old\gun1.jpg --> s93136826.onlinehome.us /pix/old gun1.jpg
2004.05.04 23:27 B C:\Documents and Settings\zzz\web--download from jamie website\pix\old\gun1.pcx --> s93136826.onlinehome.us /pix/old gun1.pcx
2004.05.04 23:27 B C:\Documents and Settings\zzz\web--download from jamie website\pix\old\gun2.jpg --> s93136826.onlinehome.us /pix/old gun2.jpg
2004.05.04 23:27 B C:\Documents and Settings\zzz\web--download from jamie website\pix\old\gun2.pcx --> s93136826.onlinehome.us /pix/old gun2.pcx
2004.05.04 23:27 B C:\Documents and Settings\zzz\web--download from jamie website\pix\old\gun3.jpg --> s93136826.onlinehome.us /pix/old gun3.jpg
2004.05.04 23:28 B C:\Documents and Settings\zzz\web--download from jamie website\pix\old\gun3.pcx --> s93136826.onlinehome.us /pix/old gun3.pcx
2004.05.04 23:28 B C:\Documents and Settings\zzz\web--download from jamie website\pix\old\gun4.jpg --> s93136826.onlinehome.us /pix/old gun4.jpg
2004.05.04 23:28 B C:\Documents and Settings\zzz\web--download from jamie website\pix\old\gun4.pcx --> s93136826.onlinehome.us /pix/old gun4.pcx
2004.05.04 23:28 B C:\Documents and Settings\zzz\web--download from jamie website\pix\old\gun5.jpg --> s93136826.onlinehome.us /pix/old gun5.jpg
2004.05.04 23:28 B C:\Documents and Settings\zzz\web--download from jamie website\pix\old\gun5.pcx --> s93136826.onlinehome.us /pix/old gun5.pcx
2004.05.04 23:28 B C:\Documents and Settings\zzz\web--download from jamie website\pix\old\gun6.jpg --> s93136826.onlinehome.us /pix/old gun6.jpg
2004.05.04 23:28 B C:\Documents and Settings\zzz\web--download from jamie website\pix\old\gun6.pcx --> s93136826.onlinehome.us /pix/old gun6.pcx
2004.05.04 23:28 B C:\Documents and Settings\zzz\web--download from jamie website\pix\old\hang005.jpg --> s93136826.onlinehome.us /pix/old hang005.jpg
2004.05.04 23:28 B C:\Documents and Settings\zzz\web--download from jamie website\pix\old\hang1.pcx --> s93136826.onlinehome.us /pix/old hang1.pcx
2004.05.04 23:29 B C:\Documents and Settings\zzz\web--download from jamie website\pix\old\hang2.jpg --> s93136826.onlinehome.us /pix/old hang2.jpg
2004.05.04 23:29 B C:\Documents and Settings\zzz\web--download from jamie website\pix\old\hang2.pcx --> s93136826.onlinehome.us /pix/old hang2.pcx
2004.05.04 23:33 B C:\Documents and Settings\zzz\web--download from jamie website\pix\old\hang3.pcx --> s93136826.onlinehome.us /pix/old hang3.pcx
2004.05.04 23:34 B C:\Documents and Settings\zzz\web--download from jamie website\pix\old\hang4.jpg --> s93136826.onlinehome.us /pix/old hang4.jpg
2004.05.04 23:34 B C:\Documents and Settings\zzz\web--download from jamie website\pix\old\hang4.pcx --> s93136826.onlinehome.us /pix/old hang4.pcx
2004.05.04 23:34 B C:\Documents and Settings\zzz\web--download from jamie website\pix\old\hang5.jpg --> s93136826.onlinehome.us /pix/old hang5.jpg
2004.05.04 23:34 B C:\Documents and Settings\zzz\web--download from jamie website\pix\old\hang5.pcx --> s93136826.onlinehome.us /pix/old hang5.pcx
2004.05.04 23:34 B C:\Documents and Settings\zzz\web--download from jamie website\pix\old\hang6.jpg --> s93136826.onlinehome.us /pix/old hang6.jpg
2004.05.04 23:34 B C:\Documents and Settings\zzz\web--download from jamie website\pix\old\hang6.pcx --> s93136826.onlinehome.us /pix/old hang6.pcx
2004.05.04 23:34 B C:\Documents and Settings\zzz\web--download from jamie website\pix\old\hang7.jpg --> s93136826.onlinehome.us /pix/old hang7.jpg
2004.05.04 23:35 B C:\Documents and Settings\zzz\web--download from jamie website\pix\old\hang7.pcx --> s93136826.onlinehome.us /pix/old hang7.pcx
2004.05.04 23:35 B C:\Documents and Settings\zzz\web--download from jamie website\pix\old\hang7.png --> s93136826.onlinehome.us /pix/old hang7.png
2004.05.04 23:35 B C:\Documents and Settings\zzz\web--download from jamie website\pix\old\hang8.jpg --> s93136826.onlinehome.us /pix/old hang8.jpg
2004.05.04 23:35 B C:\Documents and Settings\zzz\web--download from jamie website\pix\old\hang8.pcx --> s93136826.onlinehome.us /pix/old hang8.pcx
2004.05.04 23:35 B C:\Documents and Settings\zzz\web--download from jamie website\pix\old\jumpbost.pcx --> s93136826.onlinehome.us /pix/old jumpbost.pcx
2004.05.04 23:35 B C:\Documents and Settings\zzz\web--download from jamie website\pix\old\roadkill.gif --> s93136826.onlinehome.us /pix/old roadkill.gif
2004.05.04 23:35 B C:\Documents and Settings\zzz\web--download from jamie website\pix\old\WS_FTP.LOG --> s93136826.onlinehome.us /pix/old WS_FTP.LOG
